<?xml version="1.0" encoding="UTF-8"?>
<!-- Generated by org.testng.reporters.JUnitXMLReporter -->
<testsuite ignored="0" hostname="DESKTOP-4BAECAP" failures="5" tests="44" name="Action Time end to end" time="565.866" errors="0" timestamp="2022-09-21T14:17:00 IST">
  <testcase classname="com.sgtesting.anootation.AnnoationDemo6ModifyProject" name="logIn" time="3.478"/>
  <testcase classname="com.sgtesting.anootation.AnnoationDemo6ModifyProject" name="minimizeFlyOutWindow" time="5.619"/>
  <testcase classname="com.sgtesting.anootation.AnnoationDemo6ModifyProject" name="createCustomer" time="13.288"/>
  <testcase classname="com.sgtesting.anootation.AnnoationDemo6ModifyProject" name="createProject" time="12.549"/>
  <testcase classname="com.sgtesting.anootation.AnnoationDemo6ModifyProject" name="modifyProject" time="9.788"/>
  <testcase classname="com.sgtesting.anootation.AnnoationDemo6ModifyProject" name="deleteProject" time="13.995"/>
  <testcase classname="com.sgtesting.anootation.AnnoationDemo6ModifyProject" name="deleteCustomer" time="6.794"/>
  <testcase classname="com.sgtesting.anootation.AnnoationDemo6ModifyProject" name="logOut" time="4.179"/>
  <testcase classname="com.sgtesting.anootation.AnnotationDemo" name="login" time="7.577"/>
  <testcase classname="com.sgtesting.anootation.AnnotationDemo" name="createUser" time="48.897"/>
  <testcase classname="com.sgtesting.anootation.AnnotationDemo" name="deleteUser" time="2.516"/>
  <testcase classname="com.sgtesting.anootation.AnnotationDemo" name="logout" time="1.241"/>
  <testcase classname="com.sgtesting.anootation.AnnotationDemo2UserModify" name="login" time="7.835"/>
  <testcase classname="com.sgtesting.anootation.AnnotationDemo2UserModify" name="createUser" time="36.919"/>
  <testcase classname="com.sgtesting.anootation.AnnotationDemo2UserModify" name="modifyUser" time="15.431"/>
  <testcase classname="com.sgtesting.anootation.AnnotationDemo2UserModify" name="deleteUser" time="0.041"/>
  <testcase classname="com.sgtesting.anootation.AnnotationDemo2UserModify" name="logout" time="1.375"/>
  <testcase classname="com.sgtesting.anootation.AnnotationDemo3CreateCustomer" name="logIn" time="3.394">
    <failure type="java.lang.AssertionError" message="expected [actiTIME - Enter Time-Track] but found [actiTIME -  Enter Time-Track]">
      <![CDATA[java.lang.AssertionError: expected [actiTIME - Enter Time-Track] but found [actiTIME -  Enter Time-Track]
at com.sgtesting.anootation.AnnotationDemo3CreateCustomer.logIn(AnnotationDemo3CreateCustomer.java:46)
at java.base/java.util.ArrayList.forEach(ArrayList.java:1511)
... Removed 33 stack frames]]>
    </failure>
  </testcase> <!-- logIn -->
  <testcase classname="com.sgtesting.anootation.AnnotationDemo3CreateCustomer" name="minimizeFlyOutWindow" time="5.128"/>
  <testcase classname="com.sgtesting.anootation.AnnotationDemo3CreateCustomer" name="createCustomer" time="16.363">
    <failure type="java.lang.AssertionError" message="expected [actiTIME - Task List] but found [actiTIME -  Task List]">
      <![CDATA[java.lang.AssertionError: expected [actiTIME - Task List] but found [actiTIME -  Task List]
at com.sgtesting.anootation.AnnotationDemo3CreateCustomer.createCustomer(AnnotationDemo3CreateCustomer.java:83)
at java.base/java.util.ArrayList.forEach(ArrayList.java:1511)
... Removed 33 stack frames]]>
    </failure>
  </testcase> <!-- createCustomer -->
  <testcase classname="com.sgtesting.anootation.AnnotationDemo3CreateCustomer" name="modifyCustomer" time="8.095"/>
  <testcase classname="com.sgtesting.anootation.AnnotationDemo3CreateCustomer" name="deleteUser" time="8.555"/>
  <testcase classname="com.sgtesting.anootation.AnnotationDemo3CreateCustomer" name="logOut" time="3.545"/>
  <testcase classname="com.sgtesting.anootation.AnnotationDemo4CustomerModify" name="logIn" time="4.117">
    <failure type="java.lang.AssertionError" message="expected [actiTIME - Enter Time-Track] but found [actiTIME -  Enter Time-Track]">
      <![CDATA[java.lang.AssertionError: expected [actiTIME - Enter Time-Track] but found [actiTIME -  Enter Time-Track]
at com.sgtesting.anootation.AnnotationDemo4CustomerModify.logIn(AnnotationDemo4CustomerModify.java:46)
at java.base/java.util.ArrayList.forEach(ArrayList.java:1511)
... Removed 33 stack frames]]>
    </failure>
  </testcase> <!-- logIn -->
  <testcase classname="com.sgtesting.anootation.AnnotationDemo4CustomerModify" name="minimizeFlyOutWindow" time="5.3"/>
  <testcase classname="com.sgtesting.anootation.AnnotationDemo4CustomerModify" name="createCustomer" time="19.189">
    <failure type="java.lang.AssertionError" message="expected [actiTIME - Task List] but found [actiTIME -  Task List]">
      <![CDATA[java.lang.AssertionError: expected [actiTIME - Task List] but found [actiTIME -  Task List]
at com.sgtesting.anootation.AnnotationDemo4CustomerModify.createCustomer(AnnotationDemo4CustomerModify.java:83)
at java.base/java.util.ArrayList.forEach(ArrayList.java:1511)
... Removed 33 stack frames]]>
    </failure>
  </testcase> <!-- createCustomer -->
  <testcase classname="com.sgtesting.anootation.AnnotationDemo4CustomerModify" name="modifyCustomer" time="8.362"/>
  <testcase classname="com.sgtesting.anootation.AnnotationDemo4CustomerModify" name="deleteUser" time="8.575"/>
  <testcase classname="com.sgtesting.anootation.AnnotationDemo4CustomerModify" name="logOut" time="3.604"/>
  <testcase classname="com.sgtesting.anootation.AnnotationDemo5CreateProject" name="logIn" time="3.377"/>
  <testcase classname="com.sgtesting.anootation.AnnotationDemo5CreateProject" name="minimizeFlyOutWindow" time="5.145"/>
  <testcase classname="com.sgtesting.anootation.AnnotationDemo5CreateProject" name="createCustomer" time="12.831"/>
  <testcase classname="com.sgtesting.anootation.AnnotationDemo5CreateProject" name="createProject" time="12.977"/>
  <testcase classname="com.sgtesting.anootation.AnnotationDemo5CreateProject" name="deleteProject" time="12.71"/>
  <testcase classname="com.sgtesting.anootation.AnnotationDemo5CreateProject" name="deleteCustomer" time="6.578"/>
  <testcase classname="com.sgtesting.anootation.AnnotationDemo5CreateProject" name="logOut" time="4.122"/>
  <testcase classname="com.sgtesting.anootation.AnnotationDemo7CreateTask" name="logIn" time="3.384"/>
  <testcase classname="com.sgtesting.anootation.AnnotationDemo7CreateTask" name="createCustomer" time="18.479">
    <failure type="java.lang.AssertionError" message="expected [actiTIME - Task List] but found [actiTIME -  Task List]">
      <![CDATA[java.lang.AssertionError: expected [actiTIME - Task List] but found [actiTIME -  Task List]
at com.sgtesting.anootation.AnnotationDemo7CreateTask.createCustomer(AnnotationDemo7CreateTask.java:70)
at java.base/java.util.ArrayList.forEach(ArrayList.java:1511)
... Removed 33 stack frames]]>
    </failure>
  </testcase> <!-- createCustomer -->
  <testcase classname="com.sgtesting.anootation.AnnotationDemo7CreateTask" name="createProject" time="8.866"/>
  <testcase classname="com.sgtesting.anootation.AnnotationDemo7CreateTask" name="createTask" time="21.674"/>
  <testcase classname="com.sgtesting.anootation.AnnotationDemo7CreateTask" name="deleteTasks" time="4.459"/>
  <testcase classname="com.sgtesting.anootation.AnnotationDemo7CreateTask" name="deleteProject" time="9.605"/>
  <testcase classname="com.sgtesting.anootation.AnnotationDemo7CreateTask" name="deleteCustomer" time="6.58"/>
  <testcase classname="com.sgtesting.anootation.AnnotationDemo7CreateTask" name="logOut" time="4.264"/>
</testsuite> <!-- Action Time end to end -->
