<html>
<head>
<title>TestNG:  Action Time end to end</title>
<link href="../testng.css" rel="stylesheet" type="text/css" />
<link href="../my-testng.css" rel="stylesheet" type="text/css" />

<style type="text/css">
.log { display: none;} 
.stack-trace { display: none;} 
</style>
<script type="text/javascript">
<!--
function flip(e) {
  current = e.style.display;
  if (current == 'block') {
    e.style.display = 'none';
    return 0;
  }
  else {
    e.style.display = 'block';
    return 1;
  }
}

function toggleBox(szDivId, elem, msg1, msg2)
{
  var res = -1;  if (document.getElementById) {
    res = flip(document.getElementById(szDivId));
  }
  else if (document.all) {
    // this is the way old msie versions work
    res = flip(document.all[szDivId]);
  }
  if(elem) {
    if(res == 0) elem.innerHTML = msg1; else elem.innerHTML = msg2;
  }

}

function toggleAllBoxes() {
  if (document.getElementsByTagName) {
    d = document.getElementsByTagName('div');
    for (i = 0; i < d.length; i++) {
      if (d[i].className == 'log') {
        flip(d[i]);
      }
    }
  }
}

// -->
</script>

</head>
<body>
<h2 align='center'>Action Time end to end</h2><table border='1' align="center">
<tr>
<td>Tests passed/Failed/Skipped:</td><td>39/5/0</td>
</tr><tr>
<td>Started on:</td><td>Wed Sep 21 14:07:34 IST 2022</td>
</tr>
<tr><td>Total time:</td><td>565 seconds (565866 ms)</td>
</tr><tr>
<td>Included groups:</td><td></td>
</tr><tr>
<td>Excluded groups:</td><td></td>
</tr>
</table><p/>
<small><i>(Hover the method name to see the test class name)</i></small><p/>
<table width='100%' border='1' class='invocation-failed'>
<tr><td colspan='4' align='center'><b>FAILED TESTS</b></td></tr>
<tr><td><b>Test method</b></td>
<td width="30%"><b>Exception</b></td>
<td width="10%"><b>Time (seconds)</b></td>
<td><b>Instance</b></td>
</tr>
<tr>
<td title='com.sgtesting.anootation.AnnotationDemo3CreateCustomer.createCustomer()'><b>createCustomer</b><br>Test class: com.sgtesting.anootation.AnnotationDemo3CreateCustomer<br>Parameters: Infosys</td>
<td><div><pre>java.lang.AssertionError: expected [actiTIME - Task List] but found [actiTIME -  Task List]
	at com.sgtesting.anootation.AnnotationDemo3CreateCustomer.createCustomer(AnnotationDemo3CreateCustomer.java:83)
	at java.base/java.util.ArrayList.forEach(ArrayList.java:1511)
... Removed 33 stack frames</pre></div><a href='#' onClick='toggleBox("stack-trace1172943149", this, "Click to show all stack frames", "Click to hide stack frames")'>Click to show all stack frames</a>
<div class='stack-trace' id='stack-trace1172943149'><pre>java.lang.AssertionError: expected [actiTIME - Task List] but found [actiTIME -  Task List]
	at org.testng.Assert.fail(Assert.java:99)
	at org.testng.Assert.failNotEquals(Assert.java:1037)
	at org.testng.Assert.assertEqualsImpl(Assert.java:140)
	at org.testng.Assert.assertEquals(Assert.java:122)
	at org.testng.Assert.assertEquals(Assert.java:629)
	at org.testng.Assert.assertEquals(Assert.java:639)
	at com.sgtesting.anootation.AnnotationDemo3CreateCustomer.createCustomer(AnnotationDemo3CreateCustomer.java:83)
	at java.base/jdk.internal.reflect.NativeMethodAccessorImpl.invoke0(Native Method)
	at java.base/jdk.internal.reflect.NativeMethodAccessorImpl.invoke(NativeMethodAccessorImpl.java:77)
	at java.base/jdk.internal.reflect.DelegatingMethodAccessorImpl.invoke(DelegatingMethodAccessorImpl.java:43)
	at java.base/java.lang.reflect.Method.invoke(Method.java:568)
	at org.testng.internal.MethodInvocationHelper.invokeMethod(MethodInvocationHelper.java:133)
	at org.testng.internal.TestInvoker.invokeMethod(TestInvoker.java:598)
	at org.testng.internal.TestInvoker.invokeTestMethod(TestInvoker.java:173)
	at org.testng.internal.MethodRunner.runInSequence(MethodRunner.java:46)
	at org.testng.internal.TestInvoker$MethodInvocationAgent.invoke(TestInvoker.java:824)
	at org.testng.internal.TestInvoker.invokeTestMethods(TestInvoker.java:146)
	at org.testng.internal.TestMethodWorker.invokeTestMethods(TestMethodWorker.java:146)
	at org.testng.internal.TestMethodWorker.run(TestMethodWorker.java:128)
	at java.base/java.util.ArrayList.forEach(ArrayList.java:1511)
	at org.testng.TestRunner.privateRun(TestRunner.java:794)
	at org.testng.TestRunner.run(TestRunner.java:596)
	at org.testng.SuiteRunner.runTest(SuiteRunner.java:377)
	at org.testng.SuiteRunner.runSequentially(SuiteRunner.java:371)
	at org.testng.SuiteRunner.privateRun(SuiteRunner.java:332)
	at org.testng.SuiteRunner.run(SuiteRunner.java:276)
	at org.testng.SuiteRunnerWorker.runSuite(SuiteRunnerWorker.java:53)
	at org.testng.SuiteRunnerWorker.run(SuiteRunnerWorker.java:96)
	at org.testng.TestNG.runSuitesSequentially(TestNG.java:1212)
	at org.testng.TestNG.runSuitesLocally(TestNG.java:1134)
	at org.testng.TestNG.runSuites(TestNG.java:1063)
	at org.testng.TestNG.run(TestNG.java:1031)
	at org.testng.remote.AbstractRemoteTestNG.run(AbstractRemoteTestNG.java:115)
	at org.testng.remote.RemoteTestNG.initAndRun(RemoteTestNG.java:251)
	at org.testng.remote.RemoteTestNG.main(RemoteTestNG.java:77)
</pre></div></td>
<td>16</td>
<td>com.sgtesting.anootation.AnnotationDemo3CreateCustomer@36916eb0</td></tr>
<tr>
<td title='com.sgtesting.anootation.AnnotationDemo4CustomerModify.logIn()'><b>logIn</b><br>Test class: com.sgtesting.anootation.AnnotationDemo4CustomerModify</td>
<td><div><pre>java.lang.AssertionError: expected [actiTIME - Enter Time-Track] but found [actiTIME -  Enter Time-Track]
	at com.sgtesting.anootation.AnnotationDemo4CustomerModify.logIn(AnnotationDemo4CustomerModify.java:46)
	at java.base/java.util.ArrayList.forEach(ArrayList.java:1511)
... Removed 33 stack frames</pre></div><a href='#' onClick='toggleBox("stack-trace191351920", this, "Click to show all stack frames", "Click to hide stack frames")'>Click to show all stack frames</a>
<div class='stack-trace' id='stack-trace191351920'><pre>java.lang.AssertionError: expected [actiTIME - Enter Time-Track] but found [actiTIME -  Enter Time-Track]
	at org.testng.Assert.fail(Assert.java:99)
	at org.testng.Assert.failNotEquals(Assert.java:1037)
	at org.testng.Assert.assertEqualsImpl(Assert.java:140)
	at org.testng.Assert.assertEquals(Assert.java:122)
	at org.testng.Assert.assertEquals(Assert.java:629)
	at org.testng.Assert.assertEquals(Assert.java:639)
	at com.sgtesting.anootation.AnnotationDemo4CustomerModify.logIn(AnnotationDemo4CustomerModify.java:46)
	at java.base/jdk.internal.reflect.NativeMethodAccessorImpl.invoke0(Native Method)
	at java.base/jdk.internal.reflect.NativeMethodAccessorImpl.invoke(NativeMethodAccessorImpl.java:77)
	at java.base/jdk.internal.reflect.DelegatingMethodAccessorImpl.invoke(DelegatingMethodAccessorImpl.java:43)
	at java.base/java.lang.reflect.Method.invoke(Method.java:568)
	at org.testng.internal.MethodInvocationHelper.invokeMethod(MethodInvocationHelper.java:133)
	at org.testng.internal.TestInvoker.invokeMethod(TestInvoker.java:598)
	at org.testng.internal.TestInvoker.invokeTestMethod(TestInvoker.java:173)
	at org.testng.internal.MethodRunner.runInSequence(MethodRunner.java:46)
	at org.testng.internal.TestInvoker$MethodInvocationAgent.invoke(TestInvoker.java:824)
	at org.testng.internal.TestInvoker.invokeTestMethods(TestInvoker.java:146)
	at org.testng.internal.TestMethodWorker.invokeTestMethods(TestMethodWorker.java:146)
	at org.testng.internal.TestMethodWorker.run(TestMethodWorker.java:128)
	at java.base/java.util.ArrayList.forEach(ArrayList.java:1511)
	at org.testng.TestRunner.privateRun(TestRunner.java:794)
	at org.testng.TestRunner.run(TestRunner.java:596)
	at org.testng.SuiteRunner.runTest(SuiteRunner.java:377)
	at org.testng.SuiteRunner.runSequentially(SuiteRunner.java:371)
	at org.testng.SuiteRunner.privateRun(SuiteRunner.java:332)
	at org.testng.SuiteRunner.run(SuiteRunner.java:276)
	at org.testng.SuiteRunnerWorker.runSuite(SuiteRunnerWorker.java:53)
	at org.testng.SuiteRunnerWorker.run(SuiteRunnerWorker.java:96)
	at org.testng.TestNG.runSuitesSequentially(TestNG.java:1212)
	at org.testng.TestNG.runSuitesLocally(TestNG.java:1134)
	at org.testng.TestNG.runSuites(TestNG.java:1063)
	at org.testng.TestNG.run(TestNG.java:1031)
	at org.testng.remote.AbstractRemoteTestNG.run(AbstractRemoteTestNG.java:115)
	at org.testng.remote.RemoteTestNG.initAndRun(RemoteTestNG.java:251)
	at org.testng.remote.RemoteTestNG.main(RemoteTestNG.java:77)
</pre></div></td>
<td>4</td>
<td>com.sgtesting.anootation.AnnotationDemo4CustomerModify@7bab3f1a</td></tr>
<tr>
<td title='com.sgtesting.anootation.AnnotationDemo4CustomerModify.createCustomer()'><b>createCustomer</b><br>Test class: com.sgtesting.anootation.AnnotationDemo4CustomerModify<br>Parameters: Infosys</td>
<td><div><pre>java.lang.AssertionError: expected [actiTIME - Task List] but found [actiTIME -  Task List]
	at com.sgtesting.anootation.AnnotationDemo4CustomerModify.createCustomer(AnnotationDemo4CustomerModify.java:83)
	at java.base/java.util.ArrayList.forEach(ArrayList.java:1511)
... Removed 33 stack frames</pre></div><a href='#' onClick='toggleBox("stack-trace1427020774", this, "Click to show all stack frames", "Click to hide stack frames")'>Click to show all stack frames</a>
<div class='stack-trace' id='stack-trace1427020774'><pre>java.lang.AssertionError: expected [actiTIME - Task List] but found [actiTIME -  Task List]
	at org.testng.Assert.fail(Assert.java:99)
	at org.testng.Assert.failNotEquals(Assert.java:1037)
	at org.testng.Assert.assertEqualsImpl(Assert.java:140)
	at org.testng.Assert.assertEquals(Assert.java:122)
	at org.testng.Assert.assertEquals(Assert.java:629)
	at org.testng.Assert.assertEquals(Assert.java:639)
	at com.sgtesting.anootation.AnnotationDemo4CustomerModify.createCustomer(AnnotationDemo4CustomerModify.java:83)
	at java.base/jdk.internal.reflect.NativeMethodAccessorImpl.invoke0(Native Method)
	at java.base/jdk.internal.reflect.NativeMethodAccessorImpl.invoke(NativeMethodAccessorImpl.java:77)
	at java.base/jdk.internal.reflect.DelegatingMethodAccessorImpl.invoke(DelegatingMethodAccessorImpl.java:43)
	at java.base/java.lang.reflect.Method.invoke(Method.java:568)
	at org.testng.internal.MethodInvocationHelper.invokeMethod(MethodInvocationHelper.java:133)
	at org.testng.internal.TestInvoker.invokeMethod(TestInvoker.java:598)
	at org.testng.internal.TestInvoker.invokeTestMethod(TestInvoker.java:173)
	at org.testng.internal.MethodRunner.runInSequence(MethodRunner.java:46)
	at org.testng.internal.TestInvoker$MethodInvocationAgent.invoke(TestInvoker.java:824)
	at org.testng.internal.TestInvoker.invokeTestMethods(TestInvoker.java:146)
	at org.testng.internal.TestMethodWorker.invokeTestMethods(TestMethodWorker.java:146)
	at org.testng.internal.TestMethodWorker.run(TestMethodWorker.java:128)
	at java.base/java.util.ArrayList.forEach(ArrayList.java:1511)
	at org.testng.TestRunner.privateRun(TestRunner.java:794)
	at org.testng.TestRunner.run(TestRunner.java:596)
	at org.testng.SuiteRunner.runTest(SuiteRunner.java:377)
	at org.testng.SuiteRunner.runSequentially(SuiteRunner.java:371)
	at org.testng.SuiteRunner.privateRun(SuiteRunner.java:332)
	at org.testng.SuiteRunner.run(SuiteRunner.java:276)
	at org.testng.SuiteRunnerWorker.runSuite(SuiteRunnerWorker.java:53)
	at org.testng.SuiteRunnerWorker.run(SuiteRunnerWorker.java:96)
	at org.testng.TestNG.runSuitesSequentially(TestNG.java:1212)
	at org.testng.TestNG.runSuitesLocally(TestNG.java:1134)
	at org.testng.TestNG.runSuites(TestNG.java:1063)
	at org.testng.TestNG.run(TestNG.java:1031)
	at org.testng.remote.AbstractRemoteTestNG.run(AbstractRemoteTestNG.java:115)
	at org.testng.remote.RemoteTestNG.initAndRun(RemoteTestNG.java:251)
	at org.testng.remote.RemoteTestNG.main(RemoteTestNG.java:77)
</pre></div></td>
<td>19</td>
<td>com.sgtesting.anootation.AnnotationDemo4CustomerModify@7bab3f1a</td></tr>
<tr>
<td title='com.sgtesting.anootation.AnnotationDemo3CreateCustomer.logIn()'><b>logIn</b><br>Test class: com.sgtesting.anootation.AnnotationDemo3CreateCustomer</td>
<td><div><pre>java.lang.AssertionError: expected [actiTIME - Enter Time-Track] but found [actiTIME -  Enter Time-Track]
	at com.sgtesting.anootation.AnnotationDemo3CreateCustomer.logIn(AnnotationDemo3CreateCustomer.java:46)
	at java.base/java.util.ArrayList.forEach(ArrayList.java:1511)
... Removed 33 stack frames</pre></div><a href='#' onClick='toggleBox("stack-trace1647509467", this, "Click to show all stack frames", "Click to hide stack frames")'>Click to show all stack frames</a>
<div class='stack-trace' id='stack-trace1647509467'><pre>java.lang.AssertionError: expected [actiTIME - Enter Time-Track] but found [actiTIME -  Enter Time-Track]
	at org.testng.Assert.fail(Assert.java:99)
	at org.testng.Assert.failNotEquals(Assert.java:1037)
	at org.testng.Assert.assertEqualsImpl(Assert.java:140)
	at org.testng.Assert.assertEquals(Assert.java:122)
	at org.testng.Assert.assertEquals(Assert.java:629)
	at org.testng.Assert.assertEquals(Assert.java:639)
	at com.sgtesting.anootation.AnnotationDemo3CreateCustomer.logIn(AnnotationDemo3CreateCustomer.java:46)
	at java.base/jdk.internal.reflect.NativeMethodAccessorImpl.invoke0(Native Method)
	at java.base/jdk.internal.reflect.NativeMethodAccessorImpl.invoke(NativeMethodAccessorImpl.java:77)
	at java.base/jdk.internal.reflect.DelegatingMethodAccessorImpl.invoke(DelegatingMethodAccessorImpl.java:43)
	at java.base/java.lang.reflect.Method.invoke(Method.java:568)
	at org.testng.internal.MethodInvocationHelper.invokeMethod(MethodInvocationHelper.java:133)
	at org.testng.internal.TestInvoker.invokeMethod(TestInvoker.java:598)
	at org.testng.internal.TestInvoker.invokeTestMethod(TestInvoker.java:173)
	at org.testng.internal.MethodRunner.runInSequence(MethodRunner.java:46)
	at org.testng.internal.TestInvoker$MethodInvocationAgent.invoke(TestInvoker.java:824)
	at org.testng.internal.TestInvoker.invokeTestMethods(TestInvoker.java:146)
	at org.testng.internal.TestMethodWorker.invokeTestMethods(TestMethodWorker.java:146)
	at org.testng.internal.TestMethodWorker.run(TestMethodWorker.java:128)
	at java.base/java.util.ArrayList.forEach(ArrayList.java:1511)
	at org.testng.TestRunner.privateRun(TestRunner.java:794)
	at org.testng.TestRunner.run(TestRunner.java:596)
	at org.testng.SuiteRunner.runTest(SuiteRunner.java:377)
	at org.testng.SuiteRunner.runSequentially(SuiteRunner.java:371)
	at org.testng.SuiteRunner.privateRun(SuiteRunner.java:332)
	at org.testng.SuiteRunner.run(SuiteRunner.java:276)
	at org.testng.SuiteRunnerWorker.runSuite(SuiteRunnerWorker.java:53)
	at org.testng.SuiteRunnerWorker.run(SuiteRunnerWorker.java:96)
	at org.testng.TestNG.runSuitesSequentially(TestNG.java:1212)
	at org.testng.TestNG.runSuitesLocally(TestNG.java:1134)
	at org.testng.TestNG.runSuites(TestNG.java:1063)
	at org.testng.TestNG.run(TestNG.java:1031)
	at org.testng.remote.AbstractRemoteTestNG.run(AbstractRemoteTestNG.java:115)
	at org.testng.remote.RemoteTestNG.initAndRun(RemoteTestNG.java:251)
	at org.testng.remote.RemoteTestNG.main(RemoteTestNG.java:77)
</pre></div></td>
<td>3</td>
<td>com.sgtesting.anootation.AnnotationDemo3CreateCustomer@36916eb0</td></tr>
<tr>
<td title='com.sgtesting.anootation.AnnotationDemo7CreateTask.createCustomer()'><b>createCustomer</b><br>Test class: com.sgtesting.anootation.AnnotationDemo7CreateTask<br>Parameters: Infosys</td>
<td><div><pre>java.lang.AssertionError: expected [actiTIME - Task List] but found [actiTIME -  Task List]
	at com.sgtesting.anootation.AnnotationDemo7CreateTask.createCustomer(AnnotationDemo7CreateTask.java:70)
	at java.base/java.util.ArrayList.forEach(ArrayList.java:1511)
... Removed 33 stack frames</pre></div><a href='#' onClick='toggleBox("stack-trace1021311233", this, "Click to show all stack frames", "Click to hide stack frames")'>Click to show all stack frames</a>
<div class='stack-trace' id='stack-trace1021311233'><pre>java.lang.AssertionError: expected [actiTIME - Task List] but found [actiTIME -  Task List]
	at org.testng.Assert.fail(Assert.java:99)
	at org.testng.Assert.failNotEquals(Assert.java:1037)
	at org.testng.Assert.assertEqualsImpl(Assert.java:140)
	at org.testng.Assert.assertEquals(Assert.java:122)
	at org.testng.Assert.assertEquals(Assert.java:629)
	at org.testng.Assert.assertEquals(Assert.java:639)
	at com.sgtesting.anootation.AnnotationDemo7CreateTask.createCustomer(AnnotationDemo7CreateTask.java:70)
	at java.base/jdk.internal.reflect.NativeMethodAccessorImpl.invoke0(Native Method)
	at java.base/jdk.internal.reflect.NativeMethodAccessorImpl.invoke(NativeMethodAccessorImpl.java:77)
	at java.base/jdk.internal.reflect.DelegatingMethodAccessorImpl.invoke(DelegatingMethodAccessorImpl.java:43)
	at java.base/java.lang.reflect.Method.invoke(Method.java:568)
	at org.testng.internal.MethodInvocationHelper.invokeMethod(MethodInvocationHelper.java:133)
	at org.testng.internal.TestInvoker.invokeMethod(TestInvoker.java:598)
	at org.testng.internal.TestInvoker.invokeTestMethod(TestInvoker.java:173)
	at org.testng.internal.MethodRunner.runInSequence(MethodRunner.java:46)
	at org.testng.internal.TestInvoker$MethodInvocationAgent.invoke(TestInvoker.java:824)
	at org.testng.internal.TestInvoker.invokeTestMethods(TestInvoker.java:146)
	at org.testng.internal.TestMethodWorker.invokeTestMethods(TestMethodWorker.java:146)
	at org.testng.internal.TestMethodWorker.run(TestMethodWorker.java:128)
	at java.base/java.util.ArrayList.forEach(ArrayList.java:1511)
	at org.testng.TestRunner.privateRun(TestRunner.java:794)
	at org.testng.TestRunner.run(TestRunner.java:596)
	at org.testng.SuiteRunner.runTest(SuiteRunner.java:377)
	at org.testng.SuiteRunner.runSequentially(SuiteRunner.java:371)
	at org.testng.SuiteRunner.privateRun(SuiteRunner.java:332)
	at org.testng.SuiteRunner.run(SuiteRunner.java:276)
	at org.testng.SuiteRunnerWorker.runSuite(SuiteRunnerWorker.java:53)
	at org.testng.SuiteRunnerWorker.run(SuiteRunnerWorker.java:96)
	at org.testng.TestNG.runSuitesSequentially(TestNG.java:1212)
	at org.testng.TestNG.runSuitesLocally(TestNG.java:1134)
	at org.testng.TestNG.runSuites(TestNG.java:1063)
	at org.testng.TestNG.run(TestNG.java:1031)
	at org.testng.remote.AbstractRemoteTestNG.run(AbstractRemoteTestNG.java:115)
	at org.testng.remote.RemoteTestNG.initAndRun(RemoteTestNG.java:251)
	at org.testng.remote.RemoteTestNG.main(RemoteTestNG.java:77)
</pre></div></td>
<td>18</td>
<td>com.sgtesting.anootation.AnnotationDemo7CreateTask@23c30a20</td></tr>
</table><p>
<table width='100%' border='1' class='invocation-passed'>
<tr><td colspan='4' align='center'><b>PASSED TESTS</b></td></tr>
<tr><td><b>Test method</b></td>
<td width="30%"><b>Exception</b></td>
<td width="10%"><b>Time (seconds)</b></td>
<td><b>Instance</b></td>
</tr>
<tr>
<td title='com.sgtesting.anootation.AnnotationDemo5CreateProject.logIn()'><b>logIn</b><br>Test class: com.sgtesting.anootation.AnnotationDemo5CreateProject</td>
<td></td>
<td>3</td>
<td>com.sgtesting.anootation.AnnotationDemo5CreateProject@437da279</td></tr>
<tr>
<td title='com.sgtesting.anootation.AnnotationDemo2UserModify.deleteUser()'><b>deleteUser</b><br>Test class: com.sgtesting.anootation.AnnotationDemo2UserModify</td>
<td></td>
<td>0</td>
<td>com.sgtesting.anootation.AnnotationDemo2UserModify@21282ed8</td></tr>
<tr>
<td title='com.sgtesting.anootation.AnnotationDemo3CreateCustomer.logOut()'><b>logOut</b><br>Test class: com.sgtesting.anootation.AnnotationDemo3CreateCustomer</td>
<td></td>
<td>3</td>
<td>com.sgtesting.anootation.AnnotationDemo3CreateCustomer@36916eb0</td></tr>
<tr>
<td title='com.sgtesting.anootation.AnnotationDemo5CreateProject.deleteCustomer()'><b>deleteCustomer</b><br>Test class: com.sgtesting.anootation.AnnotationDemo5CreateProject</td>
<td></td>
<td>6</td>
<td>com.sgtesting.anootation.AnnotationDemo5CreateProject@437da279</td></tr>
<tr>
<td title='com.sgtesting.anootation.AnnotationDemo3CreateCustomer.modifyCustomer()'><b>modifyCustomer</b><br>Test class: com.sgtesting.anootation.AnnotationDemo3CreateCustomer<br>Parameters: Infosys is the trusted customer of ours and is in partnership with us since 2007</td>
<td></td>
<td>8</td>
<td>com.sgtesting.anootation.AnnotationDemo3CreateCustomer@36916eb0</td></tr>
<tr>
<td title='com.sgtesting.anootation.AnnotationDemo3CreateCustomer.minimizeFlyOutWindow()'><b>minimizeFlyOutWindow</b><br>Test class: com.sgtesting.anootation.AnnotationDemo3CreateCustomer</td>
<td></td>
<td>5</td>
<td>com.sgtesting.anootation.AnnotationDemo3CreateCustomer@36916eb0</td></tr>
<tr>
<td title='com.sgtesting.anootation.AnnotationDemo7CreateTask.logIn()'><b>logIn</b><br>Test class: com.sgtesting.anootation.AnnotationDemo7CreateTask</td>
<td></td>
<td>3</td>
<td>com.sgtesting.anootation.AnnotationDemo7CreateTask@23c30a20</td></tr>
<tr>
<td title='com.sgtesting.anootation.AnnotationDemo7CreateTask.logOut()'><b>logOut</b><br>Test class: com.sgtesting.anootation.AnnotationDemo7CreateTask</td>
<td></td>
<td>4</td>
<td>com.sgtesting.anootation.AnnotationDemo7CreateTask@23c30a20</td></tr>
<tr>
<td title='com.sgtesting.anootation.AnnotationDemo4CustomerModify.modifyCustomer()'><b>modifyCustomer</b><br>Test class: com.sgtesting.anootation.AnnotationDemo4CustomerModify<br>Parameters: Infosys is the trusted customer of ours and is in partnership with us since 2007</td>
<td></td>
<td>8</td>
<td>com.sgtesting.anootation.AnnotationDemo4CustomerModify@7bab3f1a</td></tr>
<tr>
<td title='com.sgtesting.anootation.AnnoationDemo6ModifyProject.createCustomer()'><b>createCustomer</b><br>Test class: com.sgtesting.anootation.AnnoationDemo6ModifyProject<br>Parameters: Infosys</td>
<td></td>
<td>13</td>
<td>com.sgtesting.anootation.AnnoationDemo6ModifyProject@6404f418</td></tr>
<tr>
<td title='com.sgtesting.anootation.AnnotationDemo2UserModify.modifyUser()'><b>modifyUser</b><br>Test class: com.sgtesting.anootation.AnnotationDemo2UserModify<br>Parameters: Nameeta</td>
<td></td>
<td>15</td>
<td>com.sgtesting.anootation.AnnotationDemo2UserModify@21282ed8</td></tr>
<tr>
<td title='com.sgtesting.anootation.AnnotationDemo5CreateProject.deleteProject()'><b>deleteProject</b><br>Test class: com.sgtesting.anootation.AnnotationDemo5CreateProject</td>
<td></td>
<td>12</td>
<td>com.sgtesting.anootation.AnnotationDemo5CreateProject@437da279</td></tr>
<tr>
<td title='com.sgtesting.anootation.AnnotationDemo3CreateCustomer.deleteUser()'><b>deleteUser</b><br>Test class: com.sgtesting.anootation.AnnotationDemo3CreateCustomer</td>
<td></td>
<td>8</td>
<td>com.sgtesting.anootation.AnnotationDemo3CreateCustomer@36916eb0</td></tr>
<tr>
<td title='com.sgtesting.anootation.AnnotationDemo2UserModify.createUser()'><b>createUser</b><br>Test class: com.sgtesting.anootation.AnnotationDemo2UserModify<br>Parameters: Namita, L, namita@gmail.com, Namita1, namita123, namita123</td>
<td></td>
<td>36</td>
<td>com.sgtesting.anootation.AnnotationDemo2UserModify@21282ed8</td></tr>
<tr>
<td title='com.sgtesting.anootation.AnnotationDemo5CreateProject.createCustomer()'><b>createCustomer</b><br>Test class: com.sgtesting.anootation.AnnotationDemo5CreateProject<br>Parameters: Infosys</td>
<td></td>
<td>12</td>
<td>com.sgtesting.anootation.AnnotationDemo5CreateProject@437da279</td></tr>
<tr>
<td title='com.sgtesting.anootation.AnnotationDemo.logout()'><b>logout</b><br>Test class: com.sgtesting.anootation.AnnotationDemo</td>
<td></td>
<td>1</td>
<td>com.sgtesting.anootation.AnnotationDemo@66f57048</td></tr>
<tr>
<td title='com.sgtesting.anootation.AnnotationDemo5CreateProject.createProject()'><b>createProject</b><br>Test class: com.sgtesting.anootation.AnnotationDemo5CreateProject<br>Parameters: Cloud Computing</td>
<td></td>
<td>12</td>
<td>com.sgtesting.anootation.AnnotationDemo5CreateProject@437da279</td></tr>
<tr>
<td title='com.sgtesting.anootation.AnnotationDemo.login()'><b>login</b><br>Test class: com.sgtesting.anootation.AnnotationDemo<br>Parameters: admin, manager</td>
<td></td>
<td>7</td>
<td>com.sgtesting.anootation.AnnotationDemo@66f57048</td></tr>
<tr>
<td title='com.sgtesting.anootation.AnnotationDemo2UserModify.logout()'><b>logout</b><br>Test class: com.sgtesting.anootation.AnnotationDemo2UserModify</td>
<td></td>
<td>1</td>
<td>com.sgtesting.anootation.AnnotationDemo2UserModify@21282ed8</td></tr>
<tr>
<td title='com.sgtesting.anootation.AnnotationDemo4CustomerModify.minimizeFlyOutWindow()'><b>minimizeFlyOutWindow</b><br>Test class: com.sgtesting.anootation.AnnotationDemo4CustomerModify</td>
<td></td>
<td>5</td>
<td>com.sgtesting.anootation.AnnotationDemo4CustomerModify@7bab3f1a</td></tr>
<tr>
<td title='com.sgtesting.anootation.AnnoationDemo6ModifyProject.modifyProject()'><b>modifyProject</b><br>Test class: com.sgtesting.anootation.AnnoationDemo6ModifyProject<br>Parameters: Cloud Computing is one of the project which needs Cloud data to run all apps</td>
<td></td>
<td>9</td>
<td>com.sgtesting.anootation.AnnoationDemo6ModifyProject@6404f418</td></tr>
<tr>
<td title='com.sgtesting.anootation.AnnotationDemo2UserModify.login()'><b>login</b><br>Test class: com.sgtesting.anootation.AnnotationDemo2UserModify<br>Parameters: admin, manager</td>
<td></td>
<td>7</td>
<td>com.sgtesting.anootation.AnnotationDemo2UserModify@21282ed8</td></tr>
<tr>
<td title='com.sgtesting.anootation.AnnoationDemo6ModifyProject.deleteProject()'><b>deleteProject</b><br>Test class: com.sgtesting.anootation.AnnoationDemo6ModifyProject</td>
<td></td>
<td>13</td>
<td>com.sgtesting.anootation.AnnoationDemo6ModifyProject@6404f418</td></tr>
<tr>
<td title='com.sgtesting.anootation.AnnoationDemo6ModifyProject.minimizeFlyOutWindow()'><b>minimizeFlyOutWindow</b><br>Test class: com.sgtesting.anootation.AnnoationDemo6ModifyProject</td>
<td></td>
<td>5</td>
<td>com.sgtesting.anootation.AnnoationDemo6ModifyProject@6404f418</td></tr>
<tr>
<td title='com.sgtesting.anootation.AnnotationDemo.createUser()'><b>createUser</b><br>Test class: com.sgtesting.anootation.AnnotationDemo<br>Parameters: Namita, L, namita@gmail.com, Namita1, namita123, namita123</td>
<td></td>
<td>48</td>
<td>com.sgtesting.anootation.AnnotationDemo@66f57048</td></tr>
<tr>
<td title='com.sgtesting.anootation.AnnotationDemo5CreateProject.logOut()'><b>logOut</b><br>Test class: com.sgtesting.anootation.AnnotationDemo5CreateProject</td>
<td></td>
<td>4</td>
<td>com.sgtesting.anootation.AnnotationDemo5CreateProject@437da279</td></tr>
<tr>
<td title='com.sgtesting.anootation.AnnotationDemo.deleteUser()'><b>deleteUser</b><br>Test class: com.sgtesting.anootation.AnnotationDemo</td>
<td></td>
<td>2</td>
<td>com.sgtesting.anootation.AnnotationDemo@66f57048</td></tr>
<tr>
<td title='com.sgtesting.anootation.AnnotationDemo4CustomerModify.deleteUser()'><b>deleteUser</b><br>Test class: com.sgtesting.anootation.AnnotationDemo4CustomerModify</td>
<td></td>
<td>8</td>
<td>com.sgtesting.anootation.AnnotationDemo4CustomerModify@7bab3f1a</td></tr>
<tr>
<td title='com.sgtesting.anootation.AnnotationDemo7CreateTask.deleteTasks()'><b>deleteTasks</b><br>Test class: com.sgtesting.anootation.AnnotationDemo7CreateTask</td>
<td></td>
<td>4</td>
<td>com.sgtesting.anootation.AnnotationDemo7CreateTask@23c30a20</td></tr>
<tr>
<td title='com.sgtesting.anootation.AnnoationDemo6ModifyProject.deleteCustomer()'><b>deleteCustomer</b><br>Test class: com.sgtesting.anootation.AnnoationDemo6ModifyProject</td>
<td></td>
<td>6</td>
<td>com.sgtesting.anootation.AnnoationDemo6ModifyProject@6404f418</td></tr>
<tr>
<td title='com.sgtesting.anootation.AnnotationDemo5CreateProject.minimizeFlyOutWindow()'><b>minimizeFlyOutWindow</b><br>Test class: com.sgtesting.anootation.AnnotationDemo5CreateProject</td>
<td></td>
<td>5</td>
<td>com.sgtesting.anootation.AnnotationDemo5CreateProject@437da279</td></tr>
<tr>
<td title='com.sgtesting.anootation.AnnotationDemo7CreateTask.createTask()'><b>createTask</b><br>Test class: com.sgtesting.anootation.AnnotationDemo7CreateTask<br>Parameters: Requirement Reading, Test scenario, Test cases, RTM,Review, Test The App</td>
<td></td>
<td>21</td>
<td>com.sgtesting.anootation.AnnotationDemo7CreateTask@23c30a20</td></tr>
<tr>
<td title='com.sgtesting.anootation.AnnotationDemo7CreateTask.deleteProject()'><b>deleteProject</b><br>Test class: com.sgtesting.anootation.AnnotationDemo7CreateTask</td>
<td></td>
<td>9</td>
<td>com.sgtesting.anootation.AnnotationDemo7CreateTask@23c30a20</td></tr>
<tr>
<td title='com.sgtesting.anootation.AnnotationDemo7CreateTask.deleteCustomer()'><b>deleteCustomer</b><br>Test class: com.sgtesting.anootation.AnnotationDemo7CreateTask</td>
<td></td>
<td>6</td>
<td>com.sgtesting.anootation.AnnotationDemo7CreateTask@23c30a20</td></tr>
<tr>
<td title='com.sgtesting.anootation.AnnotationDemo7CreateTask.createProject()'><b>createProject</b><br>Test class: com.sgtesting.anootation.AnnotationDemo7CreateTask<br>Parameters: Cloud Computing</td>
<td></td>
<td>8</td>
<td>com.sgtesting.anootation.AnnotationDemo7CreateTask@23c30a20</td></tr>
<tr>
<td title='com.sgtesting.anootation.AnnoationDemo6ModifyProject.logOut()'><b>logOut</b><br>Test class: com.sgtesting.anootation.AnnoationDemo6ModifyProject</td>
<td></td>
<td>4</td>
<td>com.sgtesting.anootation.AnnoationDemo6ModifyProject@6404f418</td></tr>
<tr>
<td title='com.sgtesting.anootation.AnnoationDemo6ModifyProject.logIn()'><b>logIn</b><br>Test class: com.sgtesting.anootation.AnnoationDemo6ModifyProject</td>
<td></td>
<td>3</td>
<td>com.sgtesting.anootation.AnnoationDemo6ModifyProject@6404f418</td></tr>
<tr>
<td title='com.sgtesting.anootation.AnnoationDemo6ModifyProject.createProject()'><b>createProject</b><br>Test class: com.sgtesting.anootation.AnnoationDemo6ModifyProject<br>Parameters: Cloud Computing</td>
<td></td>
<td>12</td>
<td>com.sgtesting.anootation.AnnoationDemo6ModifyProject@6404f418</td></tr>
<tr>
<td title='com.sgtesting.anootation.AnnotationDemo4CustomerModify.logOut()'><b>logOut</b><br>Test class: com.sgtesting.anootation.AnnotationDemo4CustomerModify</td>
<td></td>
<td>3</td>
<td>com.sgtesting.anootation.AnnotationDemo4CustomerModify@7bab3f1a</td></tr>
</table><p>
</body>
</html>